03.05 07:38:36> FORCED
03.05 07:38:36> Starting to load bids
03.05 07:38:36> Sorting order: start_date
03.05 07:38:36> LOAD_BIDS: Today's code: MOW
03.05 07:38:40> MOW >>> ROM
03.05 07:38:45> MOW >>> PAR
03.05 07:38:49> MOW >>> RIO
03.05 07:38:53> MOW >>> LED
03.05 07:38:57> MOW >>> IST
03.05 07:39:02> MOW >>> LON
03.05 07:39:06> MOW >>> BCN
03.05 07:39:10> MOW >>> MIL
03.05 07:39:14> MOW >>> FLR
03.05 07:40:09> FORCED
03.05 07:40:13> Something went wrong last time
03.05 07:40:29> FORCED
03.05 07:40:29> Starting to load bids
03.05 07:40:29> Sorting order: -start_date
03.05 07:40:29> LOAD_BIDS: Today's code: MOW
03.05 07:40:33> MOW >>> ROM
03.05 07:40:38> MOW >>> PAR
03.05 07:40:42> MOW >>> RIO
